<?xml version="1.0" encoding="UTF-8"?>
<testng-results skipped="0" failed="0" ignored="0" total="1" passed="1">
  <reporter-output>
  </reporter-output>
  <suite name="Default suite" duration-ms="23046" started-at="2020-01-06T08:45:35Z" finished-at="2020-01-06T08:45:58Z">
    <groups>
      <group name="cucumber">
        <method signature="AbstractTestNGCucumberTests.feature(cucumber.api.testng.CucumberFeatureWrapper)[pri:0, instance:runner.Cucucmbermain@516be40f]" name="feature" class="cucumber.api.testng.AbstractTestNGCucumberTests"/>
      </group> <!-- cucumber -->
    </groups>
    <test name="Default test" duration-ms="23046" started-at="2020-01-06T08:45:35Z" finished-at="2020-01-06T08:45:58Z">
      <class name="runner.Cucucmbermain">
        <test-method status="PASS" signature="setUpClass()[pri:0, instance:runner.Cucucmbermain@516be40f]" name="setUpClass" is-config="true" duration-ms="190" started-at="2020-01-06T08:45:35Z" finished-at="2020-01-06T08:45:35Z">
          <reporter-output>
          </reporter-output>
        </test-method> <!-- setUpClass -->
        <test-method status="PASS" signature="setup()[pri:0, instance:runner.Cucucmbermain@516be40f]" name="setup" is-config="true" duration-ms="0" started-at="2020-01-06T08:45:35Z" finished-at="2020-01-06T08:45:35Z">
          <reporter-output>
          </reporter-output>
        </test-method> <!-- setup -->
        <test-method status="PASS" signature="feature(cucumber.api.testng.CucumberFeatureWrapper)[pri:0, instance:runner.Cucucmbermain@516be40f]" name="feature" duration-ms="22556" started-at="2020-01-06T08:45:35Z" description="Runs Cucumber Feature" data-provider="features" finished-at="2020-01-06T08:45:58Z">
          <params>
            <param index="0">
              <value>
                <![CDATA[Login for Loree]]>
              </value>
            </param>
          </params>
          <reporter-output>
          </reporter-output>
        </test-method> <!-- feature -->
        <test-method status="PASS" signature="teardown()[pri:0, instance:runner.Cucucmbermain@516be40f]" name="teardown" is-config="true" duration-ms="1" started-at="2020-01-06T08:45:58Z" finished-at="2020-01-06T08:45:58Z">
          <reporter-output>
          </reporter-output>
        </test-method> <!-- teardown -->
        <test-method status="PASS" signature="tearDownClass()[pri:0, instance:runner.Cucucmbermain@516be40f]" name="tearDownClass" is-config="true" duration-ms="8" started-at="2020-01-06T08:45:58Z" finished-at="2020-01-06T08:45:58Z">
          <reporter-output>
          </reporter-output>
        </test-method> <!-- tearDownClass -->
      </class> <!-- runner.Cucucmbermain -->
    </test> <!-- Default test -->
  </suite> <!-- Default suite -->
</testng-results>
